# JRE version: Java(TM) SE Runtime Environment (8.0_20-b26) (build 1.8.0_20-b26)
# Java VM: Java HotSpot(TM) 64-Bit Server VM (25.20-b23 mixed mode windows-amd64 compressed oops)
Heap:
 PSYoungGen      total 266752K, used 129093K [0x00000000eab00000, 0x00000000ffa00000, 0x0000000100000000)
  eden space 236544K, 42% used [0x00000000eab00000,0x00000000f0c05da0,0x00000000f9200000)
  from space 30208K, 98% used [0x00000000fdc80000,0x00000000ff98b8c8,0x00000000ffa00000)
  to   space 39936K, 0% used [0x00000000fac00000,0x00000000fac00000,0x00000000fd300000)
 ParOldGen       total 118272K, used 66034K [0x00000000c0000000, 0x00000000c7380000, 0x00000000eab00000)
  object space 118272K, 55% used [0x00000000c0000000,0x00000000c407c810,0x00000000c7380000)
 Metaspace       used 6505K, capacity 7256K, committed 7424K, reserved 1056768K
  class space    used 610K, capacity 656K, committed 768K, reserved 1048576K
GC Heap History (10 events):
Event: 6.350 GC heap before
{Heap before GC invocations=7 (full 0):
 PSYoungGen      total 108544K, used 107055K [0x00000000eab00000, 0x00000000f2300000, 0x0000000100000000)
  eden space 97280K, 100% used [0x00000000eab00000,0x00000000f0a00000,0x00000000f0a00000)
  from space 11264K, 86% used [0x00000000f1600000,0x00000000f1f8bf98,0x00000000f2100000)
  to   space 12288K, 0% used [0x00000000f0a00000,0x00000000f0a00000,0x00000000f1600000)
 ParOldGen       total 64512K, used 18026K [0x00000000c0000000, 0x00000000c3f00000, 0x00000000eab00000)
  object space 64512K, 27% used [0x00000000c0000000,0x00000000c119a818,0x00000000c3f00000)
 Metaspace       used 6356K, capacity 7192K, committed 7424K, reserved 1056768K
  class space    used 606K, capacity 656K, committed 768K, reserved 1048576K
Event: 6.386 GC heap after
Heap after GC invocations=7 (full 0):
 PSYoungGen      total 109568K, used 12262K [0x00000000eab00000, 0x00000000f8f00000, 0x0000000100000000)
  eden space 97280K, 0% used [0x00000000eab00000,0x00000000eab00000,0x00000000f0a00000)
  from space 12288K, 99% used [0x00000000f0a00000,0x00000000f15f9af0,0x00000000f1600000)
  to   space 19456K, 0% used [0x00000000f7c00000,0x00000000f7c00000,0x00000000f8f00000)
 ParOldGen       total 64512K, used 29363K [0x00000000c0000000, 0x00000000c3f00000, 0x00000000eab00000)
  object space 64512K, 45% used [0x00000000c0000000,0x00000000c1cacfb0,0x00000000c3f00000)
 Metaspace       used 6356K, capacity 7192K, committed 7424K, reserved 1056768K
  class space    used 606K, capacity 656K, committed 768K, reserved 1048576K
}
Event: 7.492 GC heap before
{Heap before GC invocations=8 (full 0):
 PSYoungGen      total 109568K, used 109542K [0x00000000eab00000, 0x00000000f8f00000, 0x0000000100000000)
  eden space 97280K, 100% used [0x00000000eab00000,0x00000000f0a00000,0x00000000f0a00000)
  from space 12288K, 99% used [0x00000000f0a00000,0x00000000f15f9af0,0x00000000f1600000)
  to   space 19456K, 0% used [0x00000000f7c00000,0x00000000f7c00000,0x00000000f8f00000)
 ParOldGen       total 64512K, used 29363K [0x00000000c0000000, 0x00000000c3f00000, 0x00000000eab00000)
  object space 64512K, 45% used [0x00000000c0000000,0x00000000c1cacfb0,0x00000000c3f00000)
 Metaspace       used 6436K, capacity 7256K, committed 7424K, reserved 1056768K
  class space    used 609K, capacity 656K, committed 768K, reserved 1048576K
Event: 7.540 GC heap after
Heap after GC invocations=8 (full 0):
 PSYoungGen      total 208384K, used 19436K [0x00000000eab00000, 0x00000000f9a00000, 0x0000000100000000)
  eden space 188928K, 0% used [0x00000000eab00000,0x00000000eab00000,0x00000000f6380000)
  from space 19456K, 99% used [0x00000000f7c00000,0x00000000f8efb0c8,0x00000000f8f00000)
  to   space 25088K, 0% used [0x00000000f6380000,0x00000000f6380000,0x00000000f7c00000)
 ParOldGen       total 64512K, used 34403K [0x00000000c0000000, 0x00000000c3f00000, 0x00000000eab00000)
  object space 64512K, 53% used [0x00000000c0000000,0x00000000c2198c60,0x00000000c3f00000)
 Metaspace       used 6436K, capacity 7256K, committed 7424K, reserved 1056768K
  class space    used 609K, capacity 656K, committed 768K, reserved 1048576K
}
Event: 9.511 GC heap before
{Heap before GC invocations=9 (full 0):
 PSYoungGen      total 208384K, used 208364K [0x00000000eab00000, 0x00000000f9a00000, 0x0000000100000000)
  eden space 188928K, 100% used [0x00000000eab00000,0x00000000f6380000,0x00000000f6380000)
  from space 19456K, 99% used [0x00000000f7c00000,0x00000000f8efb0c8,0x00000000f8f00000)
  to   space 25088K, 0% used [0x00000000f6380000,0x00000000f6380000,0x00000000f7c00000)
 ParOldGen       total 64512K, used 34403K [0x00000000c0000000, 0x00000000c3f00000, 0x00000000eab00000)
  object space 64512K, 53% used [0x00000000c0000000,0x00000000c2198c60,0x00000000c3f00000)
 Metaspace       used 6484K, capacity 7256K, committed 7424K, reserved 1056768K
  class space    used 609K, capacity 656K, committed 768K, reserved 1048576K
Event: 9.620 GC heap after
Heap after GC invocations=9 (full 0):
 PSYoungGen      total 214016K, used 25080K [0x00000000eab00000, 0x0000000100000000, 0x0000000100000000)
  eden space 188928K, 0% used [0x00000000eab00000,0x00000000eab00000,0x00000000f6380000)
  from space 25088K, 99% used [0x00000000f6380000,0x00000000f7bfe0f8,0x00000000f7c00000)
  to   space 36352K, 0% used [0x00000000fdc80000,0x00000000fdc80000,0x0000000100000000)
 ParOldGen       total 64512K, used 53056K [0x00000000c0000000, 0x00000000c3f00000, 0x00000000eab00000)
  object space 64512K, 82% used [0x00000000c0000000,0x00000000c33d0128,0x00000000c3f00000)
 Metaspace       used 6484K, capacity 7256K, committed 7424K, reserved 1056768K
  class space    used 609K, capacity 656K, committed 768K, reserved 1048576K
}
Event: 9.620 GC heap before
{Heap before GC invocations=10 (full 1):
 PSYoungGen      total 214016K, used 25080K [0x00000000eab00000, 0x0000000100000000, 0x0000000100000000)
  eden space 188928K, 0% used [0x00000000eab00000,0x00000000eab00000,0x00000000f6380000)
  from space 25088K, 99% used [0x00000000f6380000,0x00000000f7bfe0f8,0x00000000f7c00000)
  to   space 36352K, 0% used [0x00000000fdc80000,0x00000000fdc80000,0x0000000100000000)
 ParOldGen       total 64512K, used 53056K [0x00000000c0000000, 0x00000000c3f00000, 0x00000000eab00000)
  object space 64512K, 82% used [0x00000000c0000000,0x00000000c33d0128,0x00000000c3f00000)
 Metaspace       used 6484K, capacity 7256K, committed 7424K, reserved 1056768K
  class space    used 609K, capacity 656K, committed 768K, reserved 1048576K
Event: 10.447 GC heap after
Heap after GC invocations=10 (full 1):
 PSYoungGen      total 214016K, used 8160K [0x00000000eab00000, 0x0000000100000000, 0x0000000100000000)
  eden space 188928K, 0% used [0x00000000eab00000,0x00000000eab00000,0x00000000f6380000)
  from space 25088K, 32% used [0x00000000f6380000,0x00000000f6b78348,0x00000000f7c00000)
  to   space 36352K, 0% used [0x00000000fdc80000,0x00000000fdc80000,0x0000000100000000)
 ParOldGen       total 118272K, used 64236K [0x00000000c0000000, 0x00000000c7380000, 0x00000000eab00000)
  object space 118272K, 54% used [0x00000000c0000000,0x00000000c3ebb168,0x00000000c7380000)
 Metaspace       used 6484K, capacity 7256K, committed 7424K, reserved 1056768K
  class space    used 609K, capacity 656K, committed 768K, reserved 1048576K
}
Event: 12.209 GC heap before
{Heap before GC invocations=11 (full 1):
 PSYoungGen      total 214016K, used 197088K [0x00000000eab00000, 0x0000000100000000, 0x0000000100000000)
  eden space 188928K, 100% used [0x00000000eab00000,0x00000000f6380000,0x00000000f6380000)
  from space 25088K, 32% used [0x00000000f6380000,0x00000000f6b78348,0x00000000f7c00000)
  to   space 36352K, 0% used [0x00000000fdc80000,0x00000000fdc80000,0x0000000100000000)
 ParOldGen       total 118272K, used 64236K [0x00000000c0000000, 0x00000000c7380000, 0x00000000eab00000)
  object space 118272K, 54% used [0x00000000c0000000,0x00000000c3ebb168,0x00000000c7380000)
 Metaspace       used 6501K, capacity 7256K, committed 7424K, reserved 1056768K
  class space    used 609K, capacity 656K, committed 768K, reserved 1048576K
Event: 12.294 GC heap after
Heap after GC invocations=11 (full 1):
 PSYoungGen      total 266752K, used 29742K [0x00000000eab00000, 0x00000000ffa00000, 0x0000000100000000)
  eden space 236544K, 0% used [0x00000000eab00000,0x00000000eab00000,0x00000000f9200000)
  from space 30208K, 98% used [0x00000000fdc80000,0x00000000ff98b8c8,0x00000000ffa00000)
  to   space 39936K, 0% used [0x00000000fac00000,0x00000000fac00000,0x00000000fd300000)
 ParOldGen       total 118272K, used 66034K [0x00000000c0000000, 0x00000000c7380000, 0x00000000eab00000)
  object space 118272K, 55% used [0x00000000c0000000,0x00000000c407c810,0x00000000c7380000)
 Metaspace       used 6501K, capacity 7256K, committed 7424K, reserved 1056768K
  class space    used 609K, capacity 656K, committed 768K, reserved 1048576K
}

